Using pre-set license

 COMMAND LINE ARGUMENTS:
/Applications/Unity/Hub/Editor/2020.3.0f1/Unity.app/Contents/MacOS/Unity
-adb2
-batchMode
-noUpm
-name
AssetImportWorker0
-projectPath
/Users/kawachi/Documents/PinBall
-logFile
Logs/AssetImportWorker0.log
-srvPort
59189
Successfully changed project path to: /Users/kawachi/Documents/PinBall
/Users/kawachi/Documents/PinBall
Using Asset Import Pipeline V2.
Refreshing native plugins compatible for Editor in 24.85 ms, found 1 plugins.
Preloading 0 native plugins for Editor in 0.00 ms.
Initialize engine version: 2020.3.0f1 (c7b5465681fb)
[Subsystems] Discovering subsystems at path /Applications/Unity/Hub/Editor/2020.3.0f1/Unity.app/Contents/Resources/UnitySubsystems
[Subsystems] Discovering subsystems at path /Users/kawachi/Documents/PinBall/Assets
GfxDevice: creating device client; threaded=0
2021-07-27 14:03:37.928 Unity[9618:9669909] Color LCD preferred device: Intel(R) Iris(TM) Plus Graphics (low power)
2021-07-27 14:03:37.928 Unity[9618:9669909] Metal devices available: 1
2021-07-27 14:03:37.928 Unity[9618:9669909] 0: Intel(R) Iris(TM) Plus Graphics (low power)
2021-07-27 14:03:37.928 Unity[9618:9669909] Using device Intel(R) Iris(TM) Plus Graphics (low power)
Initializing Metal device caps: Intel(R) Iris(TM) Plus Graphics
Initialize mono
Mono path[0] = '/Applications/Unity/Hub/Editor/2020.3.0f1/Unity.app/Contents/Managed'
Mono path[1] = '/Applications/Unity/Hub/Editor/2020.3.0f1/Unity.app/Contents/MonoBleedingEdge/lib/mono/unityjit'
Mono config path = '/Applications/Unity/Hub/Editor/2020.3.0f1/Unity.app/Contents/MonoBleedingEdge/etc'
Using monoOptions --debugger-agent=transport=dt_socket,embedding=1,server=y,suspend=n,address=127.0.0.1:56618
Begin MonoManager ReloadAssembly
Registering precompiled unity dll's ...
Register platform support module: /Applications/Unity/Hub/Editor/2020.3.0f1/Unity.app/Contents/PlaybackEngines/MacStandaloneSupport/UnityEditor.OSXStandalone.Extensions.dll
Registered in 0.004333 seconds.
Native extension for OSXStandalone target not found
Refreshing native plugins compatible for Editor in 25.21 ms, found 1 plugins.
Preloading 0 native plugins for Editor in 0.00 ms.
Invoked RoslynAnalysisRunner static constructor.
RoslynAnalysisRunner will not be running.
RoslynAnalysisRunner has terminated.
Mono: successfully reloaded assembly
- Completed reload, in  2.245 seconds
Platform modules already initialized, skipping
Registering precompiled user dll's ...
Registered in 0.001550 seconds.
Begin MonoManager ReloadAssembly
Native extension for OSXStandalone target not found
Refreshing native plugins compatible for Editor in 0.19 ms, found 1 plugins.
Preloading 0 native plugins for Editor in 0.00 ms.
Invoked RoslynAnalysisRunner static constructor.
RoslynAnalysisRunner will not be running.
RoslynAnalysisRunner has terminated.
Mono: successfully reloaded assembly
- Completed reload, in  1.137 seconds
Platform modules already initialized, skipping
========================================================================
Worker process is ready to serve import requests
Launching external process: /Applications/Unity/Hub/Editor/2020.3.0f1/Unity.app/Contents/Tools/UnityShaderCompiler
Launched and connected shader compiler UnityShaderCompiler after 0.02 seconds
Refreshing native plugins compatible for Editor in 0.22 ms, found 1 plugins.
Preloading 0 native plugins for Editor in 0.00 ms.
Unloading 1119 Unused Serialized files (Serialized files now loaded: 0)
System memory in use before: 111.0 MB.
System memory in use after: 111.1 MB.

Unloading 10 unused Assets to reduce memory usage. Loaded Objects now: 1561.
Total: 1.846297 ms (FindLiveObjects: 0.156860 ms CreateObjectMapping: 0.036407 ms MarkObjects: 1.556842 ms  DeleteObjects: 0.095008 ms)

========================================================================
Received Import Request.
  path: Assets/BallController.cs
  artifactKey: Guid(3688b1fd1ce0e45b6aea7f8f8e074bba) Importer(815301076,1909f56bfc062723c751e8b465ee728b)
Start importing Assets/BallController.cs using Guid(3688b1fd1ce0e45b6aea7f8f8e074bba) Importer(815301076,1909f56bfc062723c751e8b465ee728b)  -> (artifact id: '3c929a679789c84b323877e9a3f2e277') in 0.482510 seconds
  Import took 0.486505 seconds .

========================================================================
Received Import Request.
  Time since last request: 57.593240 seconds.
  path: Assets/BallController.cs
  artifactKey: Guid(3688b1fd1ce0e45b6aea7f8f8e074bba) Importer(815301076,1909f56bfc062723c751e8b465ee728b)
Start importing Assets/BallController.cs using Guid(3688b1fd1ce0e45b6aea7f8f8e074bba) Importer(815301076,1909f56bfc062723c751e8b465ee728b)  -> (artifact id: 'd5594ec3bc9c2e9f9d992a4871bd3c2d') in 0.005370 seconds
  Import took 0.009121 seconds .

========================================================================
Received Import Request.
  Time since last request: 22.089964 seconds.
  path: Assets/BallController.cs
  artifactKey: Guid(3688b1fd1ce0e45b6aea7f8f8e074bba) Importer(815301076,1909f56bfc062723c751e8b465ee728b)
Start importing Assets/BallController.cs using Guid(3688b1fd1ce0e45b6aea7f8f8e074bba) Importer(815301076,1909f56bfc062723c751e8b465ee728b)  -> (artifact id: 'c365d60e63c33f1651131ac43fc1e34e') in 0.006981 seconds
  Import took 0.010365 seconds .

